  ConsoleApplication1.cpp
C:\Users\87973\source\repos\Enclave5\ConsoleApplication1\tainitial.h(40,39): warning C4267: “初始化”: 从“size_t”转换到“unsigned int”，可能丢失数据
C:\Users\87973\source\repos\Enclave5\ConsoleApplication1\tainitial.h(96,63): warning C4996: 'localtime': This function or variable may be unsafe. Consider using localtime_s instead. To disable deprecation, use _CRT_SECURE_NO_WARNINGS. See online help for details.
C:\Users\87973\source\repos\Enclave5\ConsoleApplication1\User_initial.h(47,5): warning C4996: 'strcpy': This function or variable may be unsafe. Consider using strcpy_s instead. To disable deprecation, use _CRT_SECURE_NO_WARNINGS. See online help for details.
C:\Users\87973\source\repos\Enclave5\ConsoleApplication1\User_initial.h(62,5): warning C4996: 'strcpy': This function or variable may be unsafe. Consider using strcpy_s instead. To disable deprecation, use _CRT_SECURE_NO_WARNINGS. See online help for details.
C:\Users\87973\source\repos\Enclave5\ConsoleApplication1\User_Encounter.h(263,9): warning C4996: 'strcpy': This function or variable may be unsafe. Consider using strcpy_s instead. To disable deprecation, use _CRT_SECURE_NO_WARNINGS. See online help for details.
C:\Users\87973\source\repos\Enclave5\ConsoleApplication1\User_Encounter.h(276,9): warning C4996: 'strcpy': This function or variable may be unsafe. Consider using strcpy_s instead. To disable deprecation, use _CRT_SECURE_NO_WARNINGS. See online help for details.
C:\Users\87973\source\repos\Enclave5\ConsoleApplication1\User_Verify.h(86,5): warning C4996: 'strcpy': This function or variable may be unsafe. Consider using strcpy_s instead. To disable deprecation, use _CRT_SECURE_NO_WARNINGS. See online help for details.
C:\Users\87973\source\repos\Enclave5\ConsoleApplication1\User_Verify.h(91,5): warning C4996: 'strcpy': This function or variable may be unsafe. Consider using strcpy_s instead. To disable deprecation, use _CRT_SECURE_NO_WARNINGS. See online help for details.
C:\Users\87973\source\repos\Enclave5\ConsoleApplication1\User_Verify.h(127,5): warning C4996: 'strcpy': This function or variable may be unsafe. Consider using strcpy_s instead. To disable deprecation, use _CRT_SECURE_NO_WARNINGS. See online help for details.
C:\Users\87973\source\repos\Enclave5\ConsoleApplication1\User_Verify.h(137,5): warning C4996: 'strcpy': This function or variable may be unsafe. Consider using strcpy_s instead. To disable deprecation, use _CRT_SECURE_NO_WARNINGS. See online help for details.
C:\Users\87973\source\repos\Enclave5\ConsoleApplication1\User_batch_ver.h(95,9): warning C4996: 'strcpy': This function or variable may be unsafe. Consider using strcpy_s instead. To disable deprecation, use _CRT_SECURE_NO_WARNINGS. See online help for details.
C:\Users\87973\source\repos\Enclave5\ConsoleApplication1\User_batch_ver.h(133,9): warning C4996: 'strcpy': This function or variable may be unsafe. Consider using strcpy_s instead. To disable deprecation, use _CRT_SECURE_NO_WARNINGS. See online help for details.
C:\Users\87973\source\repos\Enclave5\ConsoleApplication1\User_batch_ver.h(143,9): warning C4996: 'strcpy': This function or variable may be unsafe. Consider using strcpy_s instead. To disable deprecation, use _CRT_SECURE_NO_WARNINGS. See online help for details.
C:\Users\87973\source\repos\Enclave5\ConsoleApplication1\User_batch_ver.h(221,9): warning C4996: 'strcpy': This function or variable may be unsafe. Consider using strcpy_s instead. To disable deprecation, use _CRT_SECURE_NO_WARNINGS. See online help for details.
C:\Users\87973\source\repos\Enclave5\ConsoleApplication1\User_batch_ver.h(238,9): warning C4996: 'strcpy': This function or variable may be unsafe. Consider using strcpy_s instead. To disable deprecation, use _CRT_SECURE_NO_WARNINGS. See online help for details.
C:\Users\87973\source\repos\Enclave5\ConsoleApplication1\TA_Tracing.h(32,21): warning C4267: “初始化”: 从“size_t”转换到“int”，可能丢失数据
C:\Users\87973\source\repos\Enclave5\ConsoleApplication1\TA_Tracing.h(38,21): warning C4267: “初始化”: 从“size_t”转换到“int”，可能丢失数据
C:\Users\87973\source\repos\Enclave5\ConsoleApplication1\ConsoleApplication1.cpp(23,25): warning C4081: 应输入“)”；找到“user-defined literal”
C:\Program Files\OpenSSL-Win64\include\openssl\applink.c(115,47): warning C4996: 'fopen': This function or variable may be unsafe. Consider using fopen_s instead. To disable deprecation, use _CRT_SECURE_NO_WARNINGS. See online help for details.
C:\Program Files\OpenSSL-Win64\include\openssl\applink.c(123,46): warning C4996: '_open': This function or variable may be unsafe. Consider using _sopen_s instead. To disable deprecation, use _CRT_SECURE_NO_WARNINGS. See online help for details.
C:\Users\87973\source\repos\Enclave5\ConsoleApplication1\ConsoleApplication1.cpp(137,12): warning C4305: “return”: 从“int”到“bool”截断
C:\Users\87973\source\repos\Enclave5\ConsoleApplication1\ConsoleApplication1.cpp(170,12): warning C4305: “return”: 从“int”到“bool”截断
C:\Users\87973\source\repos\Enclave5\ConsoleApplication1\ConsoleApplication1.cpp(203,9): warning C4477: “printf”: 格式字符串“%d”需要类型“int”的参数，但可变参数 1 拥有了类型“size_t”
C:\Users\87973\source\repos\Enclave5\ConsoleApplication1\ConsoleApplication1.cpp(203,9): message : 请考虑在格式字符串中使用“%zd”
C:\Users\87973\source\repos\Enclave5\ConsoleApplication1\ConsoleApplication1.cpp(274,2): warning C4996: 'strcpy': This function or variable may be unsafe. Consider using strcpy_s instead. To disable deprecation, use _CRT_SECURE_NO_WARNINGS. See online help for details.
C:\Users\87973\source\repos\Enclave5\ConsoleApplication1\ConsoleApplication1.cpp(279,2): warning C4996: 'strcpy': This function or variable may be unsafe. Consider using strcpy_s instead. To disable deprecation, use _CRT_SECURE_NO_WARNINGS. See online help for details.
C:\Users\87973\source\repos\Enclave5\ConsoleApplication1\ConsoleApplication1.cpp(285,2): warning C4996: 'strcpy': This function or variable may be unsafe. Consider using strcpy_s instead. To disable deprecation, use _CRT_SECURE_NO_WARNINGS. See online help for details.
C:\Users\87973\source\repos\Enclave5\ConsoleApplication1\ConsoleApplication1.cpp(291,2): warning C4996: 'strcpy': This function or variable may be unsafe. Consider using strcpy_s instead. To disable deprecation, use _CRT_SECURE_NO_WARNINGS. See online help for details.
C:\Users\87973\source\repos\Enclave5\ConsoleApplication1\ConsoleApplication1.cpp(297,2): warning C4996: 'strcpy': This function or variable may be unsafe. Consider using strcpy_s instead. To disable deprecation, use _CRT_SECURE_NO_WARNINGS. See online help for details.
C:\Users\87973\source\repos\Enclave5\ConsoleApplication1\ConsoleApplication1.cpp(303,2): warning C4996: 'strcpy': This function or variable may be unsafe. Consider using strcpy_s instead. To disable deprecation, use _CRT_SECURE_NO_WARNINGS. See online help for details.
C:\Users\87973\source\repos\Enclave5\ConsoleApplication1\ConsoleApplication1.cpp(318,2): warning C4996: 'strcpy': This function or variable may be unsafe. Consider using strcpy_s instead. To disable deprecation, use _CRT_SECURE_NO_WARNINGS. See online help for details.
C:\Users\87973\source\repos\Enclave5\ConsoleApplication1\ConsoleApplication1.cpp(328,2): warning C4996: 'strcpy': This function or variable may be unsafe. Consider using strcpy_s instead. To disable deprecation, use _CRT_SECURE_NO_WARNINGS. See online help for details.
C:\Users\87973\source\repos\Enclave5\ConsoleApplication1\ConsoleApplication1.cpp(394,2): warning C4996: 'strcpy': This function or variable may be unsafe. Consider using strcpy_s instead. To disable deprecation, use _CRT_SECURE_NO_WARNINGS. See online help for details.
C:\Users\87973\source\repos\Enclave5\ConsoleApplication1\ConsoleApplication1.cpp(400,2): warning C4996: 'strcpy': This function or variable may be unsafe. Consider using strcpy_s instead. To disable deprecation, use _CRT_SECURE_NO_WARNINGS. See online help for details.
    正在创建库 C:\Users\87973\source\repos\Enclave5\x64\Debug\ConsoleApplication1.lib 和对象 C:\Users\87973\source\repos\Enclave5\x64\Debug\ConsoleApplication1.exp
  ConsoleApplication1.vcxproj -> C:\Users\87973\source\repos\Enclave5\x64\Debug\ConsoleApplication1.exe
